<?xml version="1.0" encoding="UTF-8"?>
<robot generator="Robot 3.2.2 (Python 3.9.1 on win32)" generated="20210128 10:54:49.518" rpa="false">
<suite id="s1" name="Myntra" source="C:\Robot_framework\Robot_workspace\myntra">
<suite id="s1-s1" name="Login Suite" source="C:\Robot_framework\Robot_workspace\myntra\login_suite.robot">
<test id="s1-s1-t1" name="TC1_ValidationCredendial">
<kw name="Open Application" library="AppiumLibrary">
<doc>Opens a new application to given Appium server.
Capabilities of appium server, Android and iOS,
Please check https://github.com/appium/appium/blob/master/docs/en/writing-running-appium/server-args.md
| *Option*            | *Man.* | *Description*     |
| remote_url          | Yes    | Appium server url |
| alias               | no     | alias             |</doc>
<arguments>
<arg>http://localhost:4723/wd/hub</arg>
<arg>deviceName=Oneplus</arg>
<arg>platformName=Android</arg>
<arg>appPackage=com.myntra.android</arg>
<arg>appActivity=com.myntra.android.SplashActivity</arg>
<arg>noReset=True</arg>
</arguments>
<status status="PASS" starttime="20210128 10:54:49.889" endtime="20210128 10:55:07.215"></status>
</kw>
<kw name="Set Appium Timeout" library="AppiumLibrary">
<doc>Sets the timeout in seconds used by various keywords.</doc>
<arguments>
<arg>30s</arg>
</arguments>
<status status="PASS" starttime="20210128 10:55:07.216" endtime="20210128 10:55:07.217"></status>
</kw>
<kw name="Wait Until Page Contains Element" library="AppiumLibrary">
<doc>Waits until element specified with `locator` appears on current page.</doc>
<arguments>
<arg>//*[@content-desc='search']</arg>
</arguments>
<status status="PASS" starttime="20210128 10:55:07.218" endtime="20210128 10:55:09.721"></status>
</kw>
<kw name="Click Element" library="AppiumLibrary">
<doc>Click element identified by `locator`.</doc>
<arguments>
<arg>//*[@content-desc='search']</arg>
</arguments>
<msg timestamp="20210128 10:55:09.723" level="INFO">Clicking element '//*[@content-desc='search']'.</msg>
<status status="PASS" starttime="20210128 10:55:09.721" endtime="20210128 10:55:10.058"></status>
</kw>
<kw name="Wait Until Page Contains Element" library="AppiumLibrary">
<doc>Waits until element specified with `locator` appears on current page.</doc>
<arguments>
<arg>//*[@text='Search for brands &amp; products']</arg>
</arguments>
<status status="PASS" starttime="20210128 10:55:10.058" endtime="20210128 10:55:11.887"></status>
</kw>
<kw name="Input Text" library="AppiumLibrary">
<doc>Types the given `text` into text field identified by `locator`.</doc>
<arguments>
<arg>//*[@text='Search for brands &amp; products']</arg>
<arg>VARANGA KURTA SETS</arg>
</arguments>
<msg timestamp="20210128 10:55:11.890" level="INFO">Typing text 'VARANGA KURTA SETS' into text field '//*[@text='Search for brands &amp; products']'</msg>
<status status="PASS" starttime="20210128 10:55:11.888" endtime="20210128 10:55:13.466"></status>
</kw>
<kw name="Click Element" library="AppiumLibrary">
<doc>Click element identified by `locator`.</doc>
<arguments>
<arg>//*[@text='Varanga Kurta In Kurta Sets']</arg>
</arguments>
<msg timestamp="20210128 10:55:13.468" level="INFO">Clicking element '//*[@text='Varanga Kurta In Kurta Sets']'.</msg>
<status status="PASS" starttime="20210128 10:55:13.467" endtime="20210128 10:55:15.681"></status>
</kw>
<kw name="Sleep" library="BuiltIn">
<doc>Pauses the test executed for the given time.</doc>
<arguments>
<arg>5s</arg>
</arguments>
<msg timestamp="20210128 10:55:20.685" level="INFO">Slept 5 seconds</msg>
<status status="PASS" starttime="20210128 10:55:15.682" endtime="20210128 10:55:20.685"></status>
</kw>
<kw name="${i} IN RANGE [ 0 | 999 ]" type="for">
<kw name="${i} = 0" type="foritem">
<kw name="Run Keyword And Ignore Error" library="BuiltIn">
<doc>Runs the given keyword with the given arguments and ignores possible error.</doc>
<arguments>
<arg>Click Element</arg>
<arg>xpath=(//*[@content-desc='view_info_container'])[3]</arg>
</arguments>
<assign>
<var>${output}</var>
</assign>
<kw name="Click Element" library="AppiumLibrary">
<doc>Click element identified by `locator`.</doc>
<arguments>
<arg>xpath=(//*[@content-desc='view_info_container'])[3]</arg>
</arguments>
<msg timestamp="20210128 10:55:20.689" level="INFO">Clicking element 'xpath=(//*[@content-desc='view_info_container'])[3]'.</msg>
<kw name="Capture Page Screenshot" library="AppiumLibrary">
<doc>Takes a screenshot of the current page and embeds it into the log.</doc>
<msg timestamp="20210128 10:55:23.640" level="INFO" html="yes">&lt;/td&gt;&lt;/tr&gt;&lt;tr&gt;&lt;td colspan="3"&gt;&lt;a href="appium-screenshot-1.png"&gt;&lt;img src="appium-screenshot-1.png" width="800px"&gt;&lt;/a&gt;</msg>
<status status="PASS" starttime="20210128 10:55:22.044" endtime="20210128 10:55:23.640"></status>
</kw>
<msg timestamp="20210128 10:55:23.642" level="FAIL">ValueError: Element locator 'xpath=(//*[@content-desc='view_info_container'])[3]' did not match any elements.</msg>
<status status="FAIL" starttime="20210128 10:55:20.687" endtime="20210128 10:55:23.642"></status>
</kw>
<msg timestamp="20210128 10:55:23.643" level="INFO">${output} = ('FAIL', "ValueError: Element locator 'xpath=(//*[@content-desc='view_info_container'])[3]' did not match any elements.")</msg>
<status status="PASS" starttime="20210128 10:55:20.687" endtime="20210128 10:55:23.643"></status>
</kw>
<kw name="Swipe By Percent" library="AppiumLibrary">
<doc>Swipe from one percent of the screen to another percent, for an optional duration.
Normal swipe fails to scale for different screen resolutions, this can be avoided using percent.</doc>
<arguments>
<arg>50</arg>
<arg>75</arg>
<arg>50</arg>
<arg>25</arg>
</arguments>
<status status="PASS" starttime="20210128 10:55:23.643" endtime="20210128 10:55:25.137"></status>
</kw>
<kw name="Exit For Loop If" library="BuiltIn">
<doc>Stops executing the enclosing for loop if the ``condition`` is true.</doc>
<arguments>
<arg>'${output}[0]'=='PASS'</arg>
</arguments>
<status status="PASS" starttime="20210128 10:55:25.137" endtime="20210128 10:55:25.138"></status>
</kw>
<status status="PASS" starttime="20210128 10:55:20.686" endtime="20210128 10:55:25.139"></status>
</kw>
<kw name="${i} = 1" type="foritem">
<kw name="Run Keyword And Ignore Error" library="BuiltIn">
<doc>Runs the given keyword with the given arguments and ignores possible error.</doc>
<arguments>
<arg>Click Element</arg>
<arg>xpath=(//*[@content-desc='view_info_container'])[3]</arg>
</arguments>
<assign>
<var>${output}</var>
</assign>
<kw name="Click Element" library="AppiumLibrary">
<doc>Click element identified by `locator`.</doc>
<arguments>
<arg>xpath=(//*[@content-desc='view_info_container'])[3]</arg>
</arguments>
<msg timestamp="20210128 10:55:25.141" level="INFO">Clicking element 'xpath=(//*[@content-desc='view_info_container'])[3]'.</msg>
<status status="PASS" starttime="20210128 10:55:25.140" endtime="20210128 10:55:26.400"></status>
</kw>
<msg timestamp="20210128 10:55:26.400" level="INFO">${output} = ('PASS', None)</msg>
<status status="PASS" starttime="20210128 10:55:25.139" endtime="20210128 10:55:26.400"></status>
</kw>
<kw name="Swipe By Percent" library="AppiumLibrary">
<doc>Swipe from one percent of the screen to another percent, for an optional duration.
Normal swipe fails to scale for different screen resolutions, this can be avoided using percent.</doc>
<arguments>
<arg>50</arg>
<arg>75</arg>
<arg>50</arg>
<arg>25</arg>
</arguments>
<status status="PASS" starttime="20210128 10:55:26.401" endtime="20210128 10:55:28.090"></status>
</kw>
<kw name="Exit For Loop If" library="BuiltIn">
<doc>Stops executing the enclosing for loop if the ``condition`` is true.</doc>
<arguments>
<arg>'${output}[0]'=='PASS'</arg>
</arguments>
<msg timestamp="20210128 10:55:28.091" level="INFO">Exiting for loop altogether.</msg>
<status status="PASS" starttime="20210128 10:55:28.090" endtime="20210128 10:55:28.092"></status>
</kw>
<status status="PASS" starttime="20210128 10:55:25.139" endtime="20210128 10:55:28.092"></status>
</kw>
<status status="PASS" starttime="20210128 10:55:20.686" endtime="20210128 10:55:28.092"></status>
</kw>
<kw name="${i} IN RANGE [ 0 | 999 ]" type="for">
<kw name="${i} = 0" type="foritem">
<kw name="Run Keyword And Ignore Error" library="BuiltIn">
<doc>Runs the given keyword with the given arguments and ignores possible error.</doc>
<arguments>
<arg>Click Element</arg>
<arg>xpath=//*[@text='S']</arg>
</arguments>
<assign>
<var>${output}</var>
</assign>
<kw name="Click Element" library="AppiumLibrary">
<doc>Click element identified by `locator`.</doc>
<arguments>
<arg>xpath=//*[@text='S']</arg>
</arguments>
<msg timestamp="20210128 10:55:28.095" level="INFO">Clicking element 'xpath=//*[@text='S']'.</msg>
<kw name="Capture Page Screenshot" library="AppiumLibrary">
<doc>Takes a screenshot of the current page and embeds it into the log.</doc>
<msg timestamp="20210128 10:55:32.796" level="INFO" html="yes">&lt;/td&gt;&lt;/tr&gt;&lt;tr&gt;&lt;td colspan="3"&gt;&lt;a href="appium-screenshot-2.png"&gt;&lt;img src="appium-screenshot-2.png" width="800px"&gt;&lt;/a&gt;</msg>
<status status="PASS" starttime="20210128 10:55:30.921" endtime="20210128 10:55:32.796"></status>
</kw>
<msg timestamp="20210128 10:55:32.798" level="FAIL">ValueError: Element locator 'xpath=//*[@text='S']' did not match any elements.</msg>
<status status="FAIL" starttime="20210128 10:55:28.094" endtime="20210128 10:55:32.798"></status>
</kw>
<msg timestamp="20210128 10:55:32.798" level="INFO">${output} = ('FAIL', "ValueError: Element locator 'xpath=//*[@text='S']' did not match any elements.")</msg>
<status status="PASS" starttime="20210128 10:55:28.093" endtime="20210128 10:55:32.798"></status>
</kw>
<kw name="Swipe By Percent" library="AppiumLibrary">
<doc>Swipe from one percent of the screen to another percent, for an optional duration.
Normal swipe fails to scale for different screen resolutions, this can be avoided using percent.</doc>
<arguments>
<arg>50</arg>
<arg>75</arg>
<arg>50</arg>
<arg>25</arg>
</arguments>
<status status="PASS" starttime="20210128 10:55:32.799" endtime="20210128 10:55:34.196"></status>
</kw>
<kw name="Exit For Loop If" library="BuiltIn">
<doc>Stops executing the enclosing for loop if the ``condition`` is true.</doc>
<arguments>
<arg>'${output}[0]'=='PASS'</arg>
</arguments>
<status status="PASS" starttime="20210128 10:55:34.196" endtime="20210128 10:55:34.197"></status>
</kw>
<status status="PASS" starttime="20210128 10:55:28.093" endtime="20210128 10:55:34.198"></status>
</kw>
<kw name="${i} = 1" type="foritem">
<kw name="Run Keyword And Ignore Error" library="BuiltIn">
<doc>Runs the given keyword with the given arguments and ignores possible error.</doc>
<arguments>
<arg>Click Element</arg>
<arg>xpath=//*[@text='S']</arg>
</arguments>
<assign>
<var>${output}</var>
</assign>
<kw name="Click Element" library="AppiumLibrary">
<doc>Click element identified by `locator`.</doc>
<arguments>
<arg>xpath=//*[@text='S']</arg>
</arguments>
<msg timestamp="20210128 10:55:34.200" level="INFO">Clicking element 'xpath=//*[@text='S']'.</msg>
<status status="PASS" starttime="20210128 10:55:34.199" endtime="20210128 10:55:36.008"></status>
</kw>
<msg timestamp="20210128 10:55:36.009" level="INFO">${output} = ('PASS', None)</msg>
<status status="PASS" starttime="20210128 10:55:34.198" endtime="20210128 10:55:36.009"></status>
</kw>
<kw name="Swipe By Percent" library="AppiumLibrary">
<doc>Swipe from one percent of the screen to another percent, for an optional duration.
Normal swipe fails to scale for different screen resolutions, this can be avoided using percent.</doc>
<arguments>
<arg>50</arg>
<arg>75</arg>
<arg>50</arg>
<arg>25</arg>
</arguments>
<status status="PASS" starttime="20210128 10:55:36.009" endtime="20210128 10:55:37.365"></status>
</kw>
<kw name="Exit For Loop If" library="BuiltIn">
<doc>Stops executing the enclosing for loop if the ``condition`` is true.</doc>
<arguments>
<arg>'${output}[0]'=='PASS'</arg>
</arguments>
<msg timestamp="20210128 10:55:37.367" level="INFO">Exiting for loop altogether.</msg>
<status status="PASS" starttime="20210128 10:55:37.366" endtime="20210128 10:55:37.367"></status>
</kw>
<status status="PASS" starttime="20210128 10:55:34.198" endtime="20210128 10:55:37.368"></status>
</kw>
<status status="PASS" starttime="20210128 10:55:28.093" endtime="20210128 10:55:37.368"></status>
</kw>
<kw name="${i} IN RANGE [ 0 | 999 ]" type="for">
<kw name="${i} = 0" type="foritem">
<kw name="Run Keyword And Ignore Error" library="BuiltIn">
<doc>Runs the given keyword with the given arguments and ignores possible error.</doc>
<arguments>
<arg>Click Element</arg>
<arg>xpath=//*[@text='ADD TO BAG']</arg>
</arguments>
<assign>
<var>${output}</var>
</assign>
<kw name="Click Element" library="AppiumLibrary">
<doc>Click element identified by `locator`.</doc>
<arguments>
<arg>xpath=//*[@text='ADD TO BAG']</arg>
</arguments>
<msg timestamp="20210128 10:55:37.371" level="INFO">Clicking element 'xpath=//*[@text='ADD TO BAG']'.</msg>
<status status="PASS" starttime="20210128 10:55:37.369" endtime="20210128 10:55:38.389"></status>
</kw>
<msg timestamp="20210128 10:55:38.390" level="INFO">${output} = ('PASS', None)</msg>
<status status="PASS" starttime="20210128 10:55:37.369" endtime="20210128 10:55:38.390"></status>
</kw>
<kw name="Exit For Loop If" library="BuiltIn">
<doc>Stops executing the enclosing for loop if the ``condition`` is true.</doc>
<arguments>
<arg>'${output}[0]'=='PASS'</arg>
</arguments>
<msg timestamp="20210128 10:55:38.391" level="INFO">Exiting for loop altogether.</msg>
<status status="PASS" starttime="20210128 10:55:38.390" endtime="20210128 10:55:38.391"></status>
</kw>
<status status="PASS" starttime="20210128 10:55:37.368" endtime="20210128 10:55:38.392"></status>
</kw>
<status status="PASS" starttime="20210128 10:55:37.368" endtime="20210128 10:55:38.392"></status>
</kw>
<kw name="Wait Until Page Contains Element" library="AppiumLibrary">
<doc>Waits until element specified with `locator` appears on current page.</doc>
<arguments>
<arg>xpath=//*[@text='GO TO BAG']</arg>
</arguments>
<status status="PASS" starttime="20210128 10:55:38.392" endtime="20210128 10:55:41.865"></status>
</kw>
<kw name="Click Element" library="AppiumLibrary">
<doc>Click element identified by `locator`.</doc>
<arguments>
<arg>xpath=//*[@text='GO TO BAG']</arg>
</arguments>
<msg timestamp="20210128 10:55:41.868" level="INFO">Clicking element 'xpath=//*[@text='GO TO BAG']'.</msg>
<status status="PASS" starttime="20210128 10:55:41.866" endtime="20210128 10:55:42.799"></status>
</kw>
<kw name="${i} IN RANGE [ 0 | 999 ]" type="for">
<kw name="${i} = 0" type="foritem">
<kw name="Run Keyword And Ignore Error" library="BuiltIn">
<doc>Runs the given keyword with the given arguments and ignores possible error.</doc>
<arguments>
<arg>Click Element</arg>
<arg>xpath=//*[@text='REMOVE']</arg>
</arguments>
<assign>
<var>${output}</var>
</assign>
<kw name="Click Element" library="AppiumLibrary">
<doc>Click element identified by `locator`.</doc>
<arguments>
<arg>xpath=//*[@text='REMOVE']</arg>
</arguments>
<msg timestamp="20210128 10:55:42.802" level="INFO">Clicking element 'xpath=//*[@text='REMOVE']'.</msg>
<kw name="Capture Page Screenshot" library="AppiumLibrary">
<doc>Takes a screenshot of the current page and embeds it into the log.</doc>
<msg timestamp="20210128 10:55:45.076" level="INFO" html="yes">&lt;/td&gt;&lt;/tr&gt;&lt;tr&gt;&lt;td colspan="3"&gt;&lt;a href="appium-screenshot-3.png"&gt;&lt;img src="appium-screenshot-3.png" width="800px"&gt;&lt;/a&gt;</msg>
<status status="PASS" starttime="20210128 10:55:44.604" endtime="20210128 10:55:45.077"></status>
</kw>
<msg timestamp="20210128 10:55:45.078" level="FAIL">ValueError: Element locator 'xpath=//*[@text='REMOVE']' did not match any elements.</msg>
<status status="FAIL" starttime="20210128 10:55:42.801" endtime="20210128 10:55:45.078"></status>
</kw>
<msg timestamp="20210128 10:55:45.078" level="INFO">${output} = ('FAIL', "ValueError: Element locator 'xpath=//*[@text='REMOVE']' did not match any elements.")</msg>
<status status="PASS" starttime="20210128 10:55:42.800" endtime="20210128 10:55:45.079"></status>
</kw>
<kw name="Swipe By Percent" library="AppiumLibrary">
<doc>Swipe from one percent of the screen to another percent, for an optional duration.
Normal swipe fails to scale for different screen resolutions, this can be avoided using percent.</doc>
<arguments>
<arg>50</arg>
<arg>75</arg>
<arg>50</arg>
<arg>25</arg>
</arguments>
<status status="PASS" starttime="20210128 10:55:45.079" endtime="20210128 10:55:46.921"></status>
</kw>
<kw name="Exit For Loop If" library="BuiltIn">
<doc>Stops executing the enclosing for loop if the ``condition`` is true.</doc>
<arguments>
<arg>'${output}[0]'=='PASS'</arg>
</arguments>
<status status="PASS" starttime="20210128 10:55:46.921" endtime="20210128 10:55:46.922"></status>
</kw>
<status status="PASS" starttime="20210128 10:55:42.800" endtime="20210128 10:55:46.923"></status>
</kw>
<kw name="${i} = 1" type="foritem">
<kw name="Run Keyword And Ignore Error" library="BuiltIn">
<doc>Runs the given keyword with the given arguments and ignores possible error.</doc>
<arguments>
<arg>Click Element</arg>
<arg>xpath=//*[@text='REMOVE']</arg>
</arguments>
<assign>
<var>${output}</var>
</assign>
<kw name="Click Element" library="AppiumLibrary">
<doc>Click element identified by `locator`.</doc>
<arguments>
<arg>xpath=//*[@text='REMOVE']</arg>
</arguments>
<msg timestamp="20210128 10:55:46.925" level="INFO">Clicking element 'xpath=//*[@text='REMOVE']'.</msg>
<status status="PASS" starttime="20210128 10:55:46.924" endtime="20210128 10:55:47.928"></status>
</kw>
<msg timestamp="20210128 10:55:47.928" level="INFO">${output} = ('PASS', None)</msg>
<status status="PASS" starttime="20210128 10:55:46.923" endtime="20210128 10:55:47.929"></status>
</kw>
<kw name="Swipe By Percent" library="AppiumLibrary">
<doc>Swipe from one percent of the screen to another percent, for an optional duration.
Normal swipe fails to scale for different screen resolutions, this can be avoided using percent.</doc>
<arguments>
<arg>50</arg>
<arg>75</arg>
<arg>50</arg>
<arg>25</arg>
</arguments>
<status status="PASS" starttime="20210128 10:55:47.929" endtime="20210128 10:55:49.319"></status>
</kw>
<kw name="Exit For Loop If" library="BuiltIn">
<doc>Stops executing the enclosing for loop if the ``condition`` is true.</doc>
<arguments>
<arg>'${output}[0]'=='PASS'</arg>
</arguments>
<msg timestamp="20210128 10:55:49.320" level="INFO">Exiting for loop altogether.</msg>
<status status="PASS" starttime="20210128 10:55:49.319" endtime="20210128 10:55:49.321"></status>
</kw>
<status status="PASS" starttime="20210128 10:55:46.923" endtime="20210128 10:55:49.321"></status>
</kw>
<status status="PASS" starttime="20210128 10:55:42.799" endtime="20210128 10:55:49.321"></status>
</kw>
<kw name="Sleep" library="BuiltIn">
<doc>Pauses the test executed for the given time.</doc>
<arguments>
<arg>10s</arg>
</arguments>
<msg timestamp="20210128 10:55:59.324" level="INFO">Slept 10 seconds</msg>
<status status="PASS" starttime="20210128 10:55:49.321" endtime="20210128 10:55:59.324"></status>
</kw>
<kw name="${i} IN RANGE [ 0 | 999 ]" type="for">
<kw name="${i} = 0" type="foritem">
<kw name="Tap" library="AppiumLibrary">
<doc>Tap element identified by ``locator``.</doc>
<arguments>
<arg>//*</arg>
<arg>173</arg>
<arg>1849</arg>
<arg>1</arg>
</arguments>
<status status="PASS" starttime="20210128 10:55:59.326" endtime="20210128 10:56:00.211"></status>
</kw>
<kw name="Run Keyword And Ignore Error" library="BuiltIn">
<doc>Runs the given keyword with the given arguments and ignores possible error.</doc>
<arguments>
<arg>Page Should Contain Text</arg>
<arg>it feels</arg>
</arguments>
<assign>
<var>${output}</var>
</assign>
<kw name="Page Should Contain Text" library="AppiumLibrary">
<doc>Verifies that current page contains `text`.</doc>
<arguments>
<arg>it feels</arg>
</arguments>
<msg timestamp="20210128 10:56:00.717" level="INFO">Current page contains text 'it feels'.</msg>
<status status="PASS" starttime="20210128 10:56:00.212" endtime="20210128 10:56:00.717"></status>
</kw>
<msg timestamp="20210128 10:56:00.717" level="INFO">${output} = ('PASS', None)</msg>
<status status="PASS" starttime="20210128 10:56:00.212" endtime="20210128 10:56:00.718"></status>
</kw>
<kw name="Exit For Loop If" library="BuiltIn">
<doc>Stops executing the enclosing for loop if the ``condition`` is true.</doc>
<arguments>
<arg>'${output}[0]'=='PASS'</arg>
</arguments>
<msg timestamp="20210128 10:56:00.719" level="INFO">Exiting for loop altogether.</msg>
<status status="PASS" starttime="20210128 10:56:00.718" endtime="20210128 10:56:00.719"></status>
</kw>
<status status="PASS" starttime="20210128 10:55:59.325" endtime="20210128 10:56:00.719"></status>
</kw>
<status status="PASS" starttime="20210128 10:55:59.325" endtime="20210128 10:56:00.719"></status>
</kw>
<kw name="Sleep" library="BuiltIn">
<doc>Pauses the test executed for the given time.</doc>
<arguments>
<arg>5s</arg>
</arguments>
<msg timestamp="20210128 10:56:05.722" level="INFO">Slept 5 seconds</msg>
<status status="PASS" starttime="20210128 10:56:00.720" endtime="20210128 10:56:05.722"></status>
</kw>
<kw name="Close Application" library="AppiumLibrary">
<doc>Closes the current application and also close webdriver session.</doc>
<status status="PASS" starttime="20210128 10:56:05.723" endtime="20210128 10:56:07.008"></status>
</kw>
<status status="PASS" starttime="20210128 10:54:49.887" endtime="20210128 10:56:07.008" critical="yes"></status>
</test>
<status status="PASS" starttime="20210128 10:54:49.640" endtime="20210128 10:56:07.010"></status>
</suite>
<status status="PASS" starttime="20210128 10:54:49.593" endtime="20210128 10:56:07.013"></status>
</suite>
<statistics>
<total>
<stat pass="1" fail="0">Critical Tests</stat>
<stat pass="1" fail="0">All Tests</stat>
</total>
<tag>
</tag>
<suite>
<stat pass="1" fail="0" id="s1" name="Myntra">Myntra</stat>
<stat pass="1" fail="0" id="s1-s1" name="Login Suite">Myntra.Login Suite</stat>
</suite>
</statistics>
<errors>
</errors>
</robot>
